SPMM Simulation: mixtank_new.mtx, 4, 4
Reading Matrix Input File
Reading header
Reading data
Setting number of elements: 1995041
Reading numbers from file
Allocating buffers for host data
nRows->29957 nElements->1995041
Host sds_alloc sucess (input matrix)
Host sds_alloc_non_cacheable sucess (input matrix)
numRows->29957 nItems->1995041
Host sds_alloc sucess (output matrix)
Host sds_alloc_non_cacheable sucess (output matrix)
Number of Rows: 29957
NNZ: 1995041
TOTAL TIME: 802.401 ms
Total n. rows : 29169
Total n. rows on CPU: 17169
Total n. rows on FPGA: 12000
Actual percentage of work offloaded to the FPGA:41% 
[ 1653.191505] intgendriver1 open and ready
[ 1653.191516] intgendriver2 open and ready
[ 1653.191523] intgendriver3 open and ready
[ 1653.191531] intgendriver4 open and ready
